2023-06-21 23:23:57,867 INFO  [restartedMain] com.tpe.SpringJwtApplication:Starting SpringJwtApplication using Java 19.0.1 on 192.168.1.65 with PID 38766 (/Users/esraarnus/TechPro/Spring/Spring Security/Spring_Jwt/target/classes started by esraarnus in /Users/esraarnus/TechPro/Spring/Spring Security/Spring_Jwt)
2023-06-21 23:23:57,869 INFO  [restartedMain] com.tpe.SpringJwtApplication:No active profile set, falling back to default profiles: default
2023-06-21 23:23:57,955 INFO  [restartedMain] org.springframework.boot.devtools.env.DevToolsPropertyDefaultsPostProcessor:Devtools property defaults active! Set 'spring.devtools.add-properties' to 'false' to disable
2023-06-21 23:23:57,955 INFO  [restartedMain] org.springframework.boot.devtools.env.DevToolsPropertyDefaultsPostProcessor:For additional web related logging consider setting the 'logging.level.web' property to 'DEBUG'
2023-06-21 23:23:59,161 INFO  [restartedMain] org.springframework.data.repository.config.RepositoryConfigurationDelegate:Bootstrapping Spring Data JPA repositories in DEFAULT mode.
2023-06-21 23:23:59,203 INFO  [restartedMain] org.springframework.data.repository.config.RepositoryConfigurationDelegate:Finished Spring Data repository scanning in 35 ms. Found 2 JPA repository interfaces.
2023-06-21 23:23:59,679 INFO  [restartedMain] org.springframework.boot.web.embedded.tomcat.TomcatWebServer:Tomcat initialized with port(s): 8080 (http)
2023-06-21 23:23:59,686 INFO  [restartedMain] org.apache.catalina.core.StandardService:Starting service [Tomcat]
2023-06-21 23:23:59,686 INFO  [restartedMain] org.apache.catalina.core.StandardEngine:Starting Servlet engine: [Apache Tomcat/9.0.56]
2023-06-21 23:23:59,729 INFO  [restartedMain] org.apache.catalina.core.ContainerBase.[Tomcat].[localhost].[/]:Initializing Spring embedded WebApplicationContext
2023-06-21 23:23:59,729 INFO  [restartedMain] org.springframework.boot.web.servlet.context.ServletWebServerApplicationContext:Root WebApplicationContext: initialization completed in 1758 ms
2023-06-21 23:23:59,810 ERROR [restartedMain] org.springframework.boot.web.embedded.tomcat.TomcatStarter:Error starting Tomcat context. Exception: org.springframework.beans.factory.UnsatisfiedDependencyException. Message: Error creating bean with name 'authTokenFilter': Unsatisfied dependency expressed through field 'userDetailsService'; nested exception is org.springframework.beans.factory.NoSuchBeanDefinitionException: No qualifying bean of type 'org.springframework.security.core.userdetails.UserDetailsService' available: expected at least 1 bean which qualifies as autowire candidate. Dependency annotations: {@org.springframework.beans.factory.annotation.Autowired(required=true)}
2023-06-21 23:23:59,825 INFO  [restartedMain] org.apache.catalina.core.StandardService:Stopping service [Tomcat]
2023-06-21 23:23:59,832 WARN  [restartedMain] org.springframework.boot.web.servlet.context.AnnotationConfigServletWebServerApplicationContext:Exception encountered during context initialization - cancelling refresh attempt: org.springframework.context.ApplicationContextException: Unable to start web server; nested exception is org.springframework.boot.web.server.WebServerException: Unable to start embedded Tomcat
2023-06-21 23:23:59,844 INFO  [restartedMain] org.springframework.boot.autoconfigure.logging.ConditionEvaluationReportLoggingListener:

Error starting ApplicationContext. To display the conditions report re-run your application with 'debug' enabled.
2023-06-21 23:23:59,858 ERROR [restartedMain] org.springframework.boot.diagnostics.LoggingFailureAnalysisReporter:

***************************
APPLICATION FAILED TO START
***************************

Description:

Field userDetailsService in com.tpe.security.AuthTokenFilter required a bean of type 'org.springframework.security.core.userdetails.UserDetailsService' that could not be found.

The injection point has the following annotations:
	- @org.springframework.beans.factory.annotation.Autowired(required=true)


Action:

Consider defining a bean of type 'org.springframework.security.core.userdetails.UserDetailsService' in your configuration.

2023-06-21 23:25:55,518 INFO  [restartedMain] com.tpe.SpringJwtApplication:Starting SpringJwtApplication using Java 19.0.1 on 192.168.1.65 with PID 38833 (/Users/esraarnus/TechPro/Spring/Spring Security/Spring_Jwt/target/classes started by esraarnus in /Users/esraarnus/TechPro/Spring/Spring Security/Spring_Jwt)
2023-06-21 23:25:55,519 INFO  [restartedMain] com.tpe.SpringJwtApplication:No active profile set, falling back to default profiles: default
2023-06-21 23:25:55,554 INFO  [restartedMain] org.springframework.boot.devtools.env.DevToolsPropertyDefaultsPostProcessor:Devtools property defaults active! Set 'spring.devtools.add-properties' to 'false' to disable
2023-06-21 23:25:55,555 INFO  [restartedMain] org.springframework.boot.devtools.env.DevToolsPropertyDefaultsPostProcessor:For additional web related logging consider setting the 'logging.level.web' property to 'DEBUG'
2023-06-21 23:25:56,133 INFO  [restartedMain] org.springframework.data.repository.config.RepositoryConfigurationDelegate:Bootstrapping Spring Data JPA repositories in DEFAULT mode.
2023-06-21 23:25:56,164 INFO  [restartedMain] org.springframework.data.repository.config.RepositoryConfigurationDelegate:Finished Spring Data repository scanning in 27 ms. Found 2 JPA repository interfaces.
2023-06-21 23:25:56,579 INFO  [restartedMain] org.springframework.boot.web.embedded.tomcat.TomcatWebServer:Tomcat initialized with port(s): 8080 (http)
2023-06-21 23:25:56,586 INFO  [restartedMain] org.apache.catalina.core.StandardService:Starting service [Tomcat]
2023-06-21 23:25:56,586 INFO  [restartedMain] org.apache.catalina.core.StandardEngine:Starting Servlet engine: [Apache Tomcat/9.0.56]
2023-06-21 23:25:56,627 INFO  [restartedMain] org.apache.catalina.core.ContainerBase.[Tomcat].[localhost].[/]:Initializing Spring embedded WebApplicationContext
2023-06-21 23:25:56,628 INFO  [restartedMain] org.springframework.boot.web.servlet.context.ServletWebServerApplicationContext:Root WebApplicationContext: initialization completed in 1072 ms
2023-06-21 23:25:56,791 INFO  [restartedMain] org.hibernate.jpa.internal.util.LogHelper:HHH000204: Processing PersistenceUnitInfo [name: default]
2023-06-21 23:25:56,827 INFO  [restartedMain] org.hibernate.Version:HHH000412: Hibernate ORM core version 5.6.4.Final
2023-06-21 23:25:56,930 INFO  [restartedMain] org.hibernate.annotations.common.Version:HCANN000001: Hibernate Commons Annotations {5.1.2.Final}
2023-06-21 23:25:56,987 INFO  [restartedMain] com.zaxxer.hikari.HikariDataSource:HikariPool-1 - Starting...
2023-06-21 23:25:57,125 INFO  [restartedMain] com.zaxxer.hikari.HikariDataSource:HikariPool-1 - Start completed.
2023-06-21 23:25:57,137 INFO  [restartedMain] org.hibernate.dialect.Dialect:HHH000400: Using dialect: org.hibernate.dialect.PostgreSQLDialect
2023-06-21 23:25:57,613 INFO  [restartedMain] org.hibernate.engine.transaction.jta.platform.internal.JtaPlatformInitiator:HHH000490: Using JtaPlatform implementation: [org.hibernate.engine.transaction.jta.platform.internal.NoJtaPlatform]
2023-06-21 23:25:57,618 INFO  [restartedMain] org.springframework.orm.jpa.LocalContainerEntityManagerFactoryBean:Initialized JPA EntityManagerFactory for persistence unit 'default'
2023-06-21 23:25:57,909 WARN  [restartedMain] org.springframework.boot.autoconfigure.orm.jpa.JpaBaseConfiguration$JpaWebConfiguration:spring.jpa.open-in-view is enabled by default. Therefore, database queries may be performed during view rendering. Explicitly configure spring.jpa.open-in-view to disable this warning
2023-06-21 23:25:58,049 INFO  [restartedMain] org.springframework.security.web.DefaultSecurityFilterChain:Will secure any request with [org.springframework.security.web.context.request.async.WebAsyncManagerIntegrationFilter@47b766b7, org.springframework.security.web.context.SecurityContextPersistenceFilter@5718d9f0, org.springframework.security.web.header.HeaderWriterFilter@4eced839, org.springframework.security.web.authentication.logout.LogoutFilter@185aa398, com.tpe.security.AuthTokenFilter@67e918f2, org.springframework.security.web.savedrequest.RequestCacheAwareFilter@754e42ea, org.springframework.security.web.servletapi.SecurityContextHolderAwareRequestFilter@702b693b, org.springframework.security.web.authentication.AnonymousAuthenticationFilter@37c29c29, org.springframework.security.web.session.SessionManagementFilter@2bafcf6b, org.springframework.security.web.access.ExceptionTranslationFilter@53dd8d57, org.springframework.security.web.access.intercept.FilterSecurityInterceptor@46bc143b]
2023-06-21 23:25:58,438 INFO  [restartedMain] org.springframework.boot.devtools.autoconfigure.OptionalLiveReloadServer:LiveReload server is running on port 35729
2023-06-21 23:25:58,444 INFO  [restartedMain] org.springframework.boot.actuate.endpoint.web.EndpointLinksResolver:Exposing 6 endpoint(s) beneath base path '/actuator'
2023-06-21 23:25:58,497 INFO  [restartedMain] org.springframework.boot.web.embedded.tomcat.TomcatWebServer:Tomcat started on port(s): 8080 (http) with context path ''
2023-06-21 23:25:58,510 INFO  [restartedMain] com.tpe.SpringJwtApplication:Started SpringJwtApplication in 3.296 seconds (JVM running for 3.88)
2023-06-21 23:25:59,006 INFO  [RMI TCP Connection(1)-192.168.1.65] org.apache.catalina.core.ContainerBase.[Tomcat].[localhost].[/]:Initializing Spring DispatcherServlet 'dispatcherServlet'
2023-06-21 23:34:44,023 INFO  [SpringApplicationShutdownHook] org.springframework.orm.jpa.LocalContainerEntityManagerFactoryBean:Closing JPA EntityManagerFactory for persistence unit 'default'
2023-06-21 23:34:44,034 INFO  [SpringApplicationShutdownHook] com.zaxxer.hikari.HikariDataSource:HikariPool-1 - Shutdown initiated...
2023-06-21 23:34:44,039 INFO  [SpringApplicationShutdownHook] com.zaxxer.hikari.HikariDataSource:HikariPool-1 - Shutdown completed.
